1001	0	3
1001	7	1
1004	0	1
1005	0	1
1010	0	1
1010	1	1
1011	0	5
1011	2	1
1013	4	1
1013	5	1
1015	6	1
1016	2	1
1018	0	2
1018	10	1
1018	3	1
1022	0	1
1023	0	4
1025	0	1
1025	4	1
1026	0	1
1028	0	1
1029	0	1
1035	0	1
1036	2	1
1037	0	1
1037	1	2
1037	10	1
1041	0	96
1041	1	25
1041	10	6
1041	2	16
1041	3	5
1041	4	4
1041	5	4
1041	6	3
1041	7	2
1041	9	1
1052	3	1
1057	0	1
105	0	4
105	2	1
1061	0	1
1061	1	1
1065	0	1
1068	0	1
106	0	1
1072	0	9
1072	10	2
1072	2	2
1072	5	2
1072	6	1
1072	7	1
1073	2	1
1075	2	1
107	6	1
1080	0	49
1080	1	15
1080	10	2
1080	3	2
1080	4	3
1080	5	3
1082	10	1
1083	0	1
1087	6	1
1089	1	1
1091	0	1
1095	0	1
1095	5	1
1096	0	2
109	0	2
1107	0	1
1109	6	1
110	4	1
1112	6	1
1114	1	1
1115	0	1
1118	0	1
1118	1	2
1120	0	1
1123	9	1
1125	0	64
1125	1	11
1125	2	2
1125	4	3
1125	5	1
1125	7	1
1125	8	1
1126	0	1
1127	0	2
1127	10	2
112	2	1
1130	10	1
1131	0	1
1132	3	1
1132	5	1
1136	0	2
1136	1	1
1137	0	1
1138	0	1
113	0	2
1147	3	1
1148	1	1
1149	0	1
1149	1	1
1149	6	1
1153	0	1
1157	0	3
1157	1	2
1157	5	1
1159	0	1
1160	10	2
1161	0	1
1163	0	2
1168	0	1
1169	0	167
1169	1	60
1169	10	6
1169	2	23
1169	3	5
1169	4	5
1169	5	1
1169	6	1
1169	7	1
1169	8	1
1169	9	1
1176	0	1
1177	0	1
1180	2	1
1182	0	7
1182	4	1
1183	0	1
1186	1	1
1187	0	1
1187	7	1
1188	1	2
1188	6	1
1194	0	6
1197	0	2
1200	0	1
1208	0	1
120	0	2
1210	0	1
1213	10	1
1215	0	1
1216	0	2
1219	0	1
1219	2	1
1221	0	2
1221	5	1
1226	0	1
1227	0	1
122	0	4
122	2	1
1235	0	1
1235	8	1
1238	0	1
1240	10	1
1242	0	1
1243	0	2
1244	0	6
1244	1	1
1244	2	1
1244	4	1
1244	9	1
1245	0	1
1246	0	1
1246	10	1
1253	0	1
1253	1	3
1256	0	1
125	0	7
125	1	1
125	10	1
125	2	2
1264	0	3
1264	8	1
1268	0	1
1270	0	2
1271	0	1
1274	0	1
1275	7	1
1280	3	1
1282	0	2
1282	1	1
1282	10	1
1284	0	3
1286	0	1
1286	2	1
1287	0	2
1290	8	1
1292	0	1
1296	6	1
1297	0	1
1297	1	1
1298	0	2
1298	4	1
129	0	87
129	1	20
129	2	22
129	3	5
129	4	1
129	6	1
1300	0	3
1300	2	1
1300	8	1
1301	1	1
1303	0	1
1307	1	2
1309	0	1
1309	3	1
130	0	1
130	5	1
1310	0	1
1315	1	1
1317	0	1
1317	1	1
1317	4	1
1318	0	1
1320	0	1
1320	1	2
1320	2	1
1320	3	1
1322	4	1
132	0	1
132	1	1
1334	1	1
1336	0	6
1336	1	4
1336	2	3
1336	4	2
1336	7	1
1338	3	1
1339	0	1
133	0	2
1344	1	1
1345	0	1
1346	0	1
134	1	1
1351	0	2
1352	0	1
1352	1	1
1353	0	1
1355	10	1
1356	0	1
1360	0	4
1360	1	2
1360	3	1
1360	4	1
1360	9	1
1361	0	3
1361	1	1
1362	0	1
1363	0	1
1367	3	1
1370	10	1
1375	1	1
1377	0	1
1377	1	1
1379	0	231
1379	1	58
1379	10	5
1379	2	28
1379	3	4
1379	4	2
1379	5	2
1379	6	3
1379	7	1
1379	8	1
1379	9	1
1380	0	1
1382	0	1
1382	10	2
1384	0	1
1386	0	1
1389	0	1
1390	0	6
1390	4	1
1390	5	1
1391	0	2
1392	3	1
1393	0	1
1398	0	7
1398	1	1
1398	3	1
1398	6	1
139	0	1
13	0	1
1403	0	2
1403	7	1
1407	0	1
140	0	1
1413	0	2
1414	1	1
1417	4	1
1418	0	1
1422	0	1
1425	2	1
1425	5	1
1427	0	1
1430	0	2
1430	2	1
1432	0	1
1433	0	206
1433	1	54
1433	10	13
1433	2	29
1433	3	8
1433	4	8
1433	5	4
1433	6	2
1433	7	1
1433	8	2
1433	9	2
1434	0	1
1434	9	1
1438	5	1
1439	7	1
1440	0	11
1440	1	2
1440	10	1
1440	2	3
1440	3	2
1440	4	1
1440	8	2
1442	1	1
1443	0	4
1443	1	1
1443	6	1
1446	6	1
1447	0	1
1448	0	2
1448	3	1
1453	1	1
1457	0	2
1457	2	1
1459	0	2
1461	2	1
1468	0	1
1469	0	160
1469	1	53
1469	10	26
1469	2	29
1469	3	19
1469	4	18
1469	5	9
1469	6	7
1469	7	5
1469	8	8
1469	9	5
146	0	1
1472	0	1
1476	0	1
1477	0	1
1481	1	2
1481	5	1
1483	0	1
1487	0	3
1489	0	1
1489	10	1
1491	2	1
1491	3	1
1493	0	1
1493	1	1
1494	0	1
1495	0	4
1497	0	1
1498	0	2
1498	10	1
14	0	1
150	0	2
1511	0	1
1513	0	2
1514	0	2
1515	0	3
1516	4	1
1520	0	526
1526	0	6
1526	10	1
1526	2	2
1526	3	2
1526	4	1
1526	6	2
1528	0	4
1529	0	2
1530	0	7
1532	0	1
1536	0	1
1541	1	2
1542	0	2
1542	5	1
1546	0	1
1546	1	1
1552	0	1
1553	0	2
1560	0	1
1564	0	1
1569	0	33
1569	1	10
1569	10	6
1569	2	4
1569	3	6
1569	5	3
1569	6	2
1569	7	2
1569	8	2
1569	9	2
1573	0	1
1576	0	6
1578	0	1
1579	1	1
157	0	2
157	1	1
157	4	1
1581	6	1
1583	0	1
1585	0	7
1585	1	2
1585	10	1
1585	2	2
1585	3	3
1586	0	1
1588	0	2
1588	1	1
1588	3	1
1594	10	1
1597	0	2
1599	0	1
1599	1	1
159	0	1
15	0	3
15	1	2
1604	0	1
1604	7	1
1606	0	3
1607	0	1
1610	0	1
1610	1	1
1613	0	1
1613	4	1
1614	0	8
1614	10	1
1614	5	1
1614	7	1
1616	10	1
1618	0	1
1620	0	3
1623	0	6
1623	10	1
1623	2	3
1623	3	1
1623	6	1
1625	0	1
1626	0	1
1628	2	1
162	0	2
1631	0	5
1631	1	3
1631	2	2
1636	0	1
1637	0	1
1637	10	1
1637	5	1
1638	0	1
163	0	1
1642	10	2
1644	0	6
1644	1	2
1644	2	1
1645	10	1
1646	0	5
1646	10	1
1646	9	1
1647	3	1
1648	0	2
1648	2	1
1653	0	2
1654	0	6
1654	5	1
1655	10	1
1655	2	1
1656	0	2
1658	0	1
165	0	1
1660	0	1
1662	0	1
1663	0	2
1663	1	1
1663	10	1
1672	0	1
1672	3	1
1673	7	1
1675	0	1
1676	8	1
1680	0	1
1685	0	1
1687	10	1
1693	0	3
1697	0	1
1700	0	1
1708	0	1
1713	5	1
1715	0	28
1715	1	10
1715	10	1
1715	2	9
1715	3	2
1715	4	4
1715	5	1
1715	6	4
1715	7	2
1717	0	6
1718	2	1
1718	3	1
171	0	102
171	1	23
171	10	3
171	2	9
171	3	1
171	4	2
171	5	1
171	6	1
1722	0	1
1723	7	1
1725	0	3
1730	1	1
1731	1	1
1732	0	12
1732	1	1
1732	7	1
1735	0	4
1735	1	2
1735	2	1
1735	3	1
1735	4	2
1735	7	1
1736	10	4
1737	7	1
1738	1	1
173	0	9
173	1	1
173	5	1
1742	0	2
1744	0	1
1748	4	1
1749	0	1
1749	4	1
1749	9	1
1750	10	1
1751	1	1
1752	0	1
1754	0	1
1755	0	1
1756	0	1
1756	1	1
1759	0	1
175	0	4
175	10	2
1763	0	1
176	1	1
1771	7	1
1772	0	2
1772	2	1
1775	0	5
1775	10	2
1776	0	1
1776	10	1
1776	7	1
1778	0	3
1779	0	2
1784	0	1
1786	0	1
178	0	1
178	1	1
178	2	1
178	3	2
1791	0	2
1791	10	1
1793	0	5
1794	0	1
1795	0	1
1798	0	1
17	0	3
17	1	1
1803	1	1
1805	1	1
1806	0	1
1806	2	1
1807	0	3
1807	3	1
1808	0	1
1808	4	1
1809	0	3
1810	0	4
1810	1	2
1810	2	1
1812	0	2
1812	1	1
1812	10	1
1814	0	1
1818	2	1
1820	0	1
1823	0	1
1827	0	1
1829	0	16
1829	1	2
1830	0	4
1832	0	1
1837	2	1
1839	0	2
1839	1	2
1839	10	1
1839	2	1
1839	4	1
1839	5	1
183	0	2
1841	0	1
1841	1	1
1842	0	1
1842	1	1
1848	0	2
1848	1	1
1851	0	2
1852	6	1
1853	1	3
1853	10	2
1853	2	1
1853	3	3
1853	9	1
1855	0	1
1860	0	16
1860	3	1
1864	5	1
1865	0	8
1865	1	1
1865	10	1
1865	3	1
1872	0	2
1872	1	1
1874	0	1
1876	0	3
1878	2	1
187	0	9
187	1	2
1880	0	2
1881	0	1
1882	0	1
1886	0	1
1888	0	3
1891	0	2
1892	0	12
1892	1	1
1892	10	1
1893	0	3
1896	0	2
1897	0	1
1898	0	3
1898	2	1
189	0	1
1900	1	1
1905	0	12
1905	1	1
1905	2	1
1905	3	1
1913	10	1
1915	0	1
1916	0	1
1916	9	1
1923	0	5
1923	3	1
1925	0	1
1927	0	1
1927	6	1
1929	0	1
1932	10	1
1936	0	2
1936	1	2
1941	0	155
1941	1	26
1941	2	6
1941	3	1
1941	4	1
1941	6	2
1944	0	2
1945	0	143
1945	1	12
1945	10	2
1945	2	2
1947	0	1
1948	0	1
1948	10	1
1948	3	1
1949	0	1
194	1	1
194	2	1
1950	1	2
1950	3	1
1950	4	1
1951	0	4
1951	1	1
1951	6	1
1952	0	1
1959	3	1
1962	0	2
1963	6	1
1964	10	1
1964	2	1
1965	0	2
1968	0	6
1969	1	1
1969	5	1
196	2	1
1975	10	1
1984	0	1
1989	1	1
1993	0	3
1997	0	1
1998	0	1
1999	10	1
2002	0	1
2002	10	1
2003	0	1
2005	10	1
2007	0	4
2007	1	1
200	0	2
2010	0	1
2014	0	1
2016	0	1
2017	4	1
2019	0	4
201	1	1
201	2	1
2020	0	5
2020	10	3
2020	3	1
2020	5	1
2020	6	1
2022	0	5
2022	10	7
2022	5	2
2022	7	1
2022	9	1
2028	0	1
2028	1	1
2031	0	1
2036	0	42
2036	1	14
2036	10	1
2036	2	2
2036	3	2
2036	5	2
2036	8	1
2036	9	1
2037	0	1
2046	0	6
2050	0	27
2050	1	8
2050	10	1
2050	2	5
2050	3	2
2050	4	1
2050	5	1
2050	6	2
2050	7	2
2051	0	1
2051	2	1
2051	3	1
2051	6	1
2053	0	3
2054	0	1
2055	0	2
2055	10	1
2062	0	2
2062	8	1
2065	10	1
2066	0	1
2067	0	1
2069	0	1
2070	0	6
2070	1	1
2070	5	1
2071	0	1
2074	0	2
2074	3	1
2077	0	1
2078	3	1
207	0	1
2080	0	12
2080	1	4
2080	2	3
2080	4	2
2081	0	2
2085	0	1
2085	2	1
2087	0	1
2089	1	2
2089	6	1
208	0	4
208	1	1
2091	0	1
2094	2	1
2099	0	482
2099	1	199
2099	10	12
2099	2	75
2099	3	30
2099	4	20
2099	5	10
2099	6	8
2099	7	3
2099	8	3
2099	9	3
209	0	57
209	1	18
209	10	3
209	2	9
209	3	4
209	4	2
209	5	2
209	6	1
209	7	1
20	0	4
2100	0	1
2104	0	2
2104	1	1
2104	3	1
2104	4	1
2106	0	2
2106	2	1
2107	0	6
2107	1	1
2107	9	1
2109	0	1
2112	0	1
2119	0	2
2119	1	1
2119	10	2
211	0	3
2120	3	1
2122	0	1
2125	0	1
2125	10	1
2128	0	3
212	0	16
212	1	1
212	10	2
212	2	4
2130	4	1
2130	9	1
2131	0	1
2136	0	4
2136	6	1
2138	10	1
2142	0	1
2142	2	1
2143	0	1
2143	1	1
2144	1	3
2145	5	1
2146	0	25
2146	1	1
2146	10	1
2146	2	4
2146	3	2
2146	4	3
2146	5	2
2146	6	2
2146	8	1
2150	0	1
2157	0	1
2164	0	1
2166	3	1
2167	0	2
2167	1	1
2167	10	2
2168	0	2
2168	10	1
2169	0	1
2169	1	1
2172	0	1
2177	0	2
2177	9	1
2186	0	1
218	0	2
218	9	1
2190	0	1
2195	0	1
2195	1	1
2196	0	1
2196	1	1
2196	10	1
2198	0	4
2198	1	1
219	0	1
2202	0	4
2202	10	1
2202	2	1
2203	0	1
2206	0	1
2206	1	2
2208	0	1
2213	6	1
2217	0	2
2217	1	1
2219	0	1
2223	0	1
2224	0	1
2225	0	1
2226	1	1
2227	0	2
222	0	1
2230	0	2
2230	2	1
2232	0	3
2233	0	2
2233	1	2
2234	0	1
2237	0	2
2237	6	1
2240	0	2
2240	1	1
2241	0	2
2241	1	2
2244	0	1
2244	1	2
2247	0	8
2257	0	4
2257	10	1
2258	0	1
2262	0	3
2262	1	1
2264	0	2
2267	10	1
2268	0	2
2269	0	2
2277	0	18
2277	1	1
2277	2	1
2277	5	1
2277	7	1
2277	8	1
2279	0	2
2281	10	1
2282	0	1
2282	10	1
2285	0	4
2285	1	2
2285	3	1
2287	0	1
2288	0	3
2288	10	2
2290	0	1
2296	0	3
229	0	1
2305	0	2
2306	0	2
2308	0	3
2308	2	1
2309	0	1
2311	0	1
2314	0	2
2319	0	2
2319	1	1
2320	0	5
2321	0	1
2322	0	1
2322	3	2
2322	9	1
2331	1	1
2331	10	1
2331	7	1
2333	0	1
2333	2	1
2333	3	2
2333	4	1
2336	1	1
2338	3	1
2338	5	1
2339	0	4
2339	2	1
2339	3	1
2342	0	35
2342	1	10
2342	2	4
2342	3	3
2342	4	5
2343	0	1
2345	0	12
2345	1	4
2345	10	1
2345	2	1
2345	5	1
2345	8	1
2352	0	2
2358	1	1
235	0	1
2361	0	6
2363	0	1
2365	3	1
2368	0	2
2368	1	1
2368	10	1
2371	0	2
2374	1	1
2378	0	1
2382	0	3
2382	10	2
2382	8	1
2389	0	2
2390	0	1
2394	0	1
2394	1	1
2399	0	2
239	10	1
2400	0	2
2403	0	2
2404	0	6
2404	3	1
2408	0	5
2408	10	1
2408	2	1
2408	3	1
2408	6	1
2414	1	1
2418	0	1
2422	0	9
2422	6	1
2423	0	1
2423	3	1
2429	0	1
2433	0	7
2433	1	1
2433	3	1
2434	0	3
2435	0	1
2436	0	168
2436	1	44
2436	10	15
2436	2	30
2436	3	13
2436	4	11
2436	5	5
2436	6	3
2436	7	1
2436	8	2
2436	9	1
2438	0	3
2440	0	2
2441	0	3
2445	3	1
2446	8	1
2449	1	1
2450	1	1
2451	0	1
2452	0	1
2454	0	22
2454	1	5
2454	2	1
2454	4	1
2456	0	1
2456	1	1
2458	0	1
2459	0	1
2461	0	17
2461	1	3
2461	10	4
2461	3	2
2461	5	1
2461	6	1
2463	0	1
2463	1	2
2463	10	1
2463	7	1
246	0	7
246	1	1
246	10	1
246	2	2
2472	0	1
2472	10	1
2479	0	4
2479	1	1
2479	2	1
2482	4	2
2485	3	1
2485	5	1
2487	10	1
2488	0	1
2488	10	1
2489	1	1
248	0	1
2490	10	1
2491	1	1
2496	10	1
2503	0	1
2504	0	5
2504	1	1
2510	0	1
2512	1	1
2519	0	5
2520	0	1
2520	10	1
2520	3	1
2520	6	1
2531	10	1
2535	0	1
2536	0	2
2536	1	1
2545	1	1
2549	0	6
2549	1	1
2549	10	1
2550	0	2
2552	1	1
2554	0	1
2556	0	1
2558	0	2
2558	1	3
2558	3	1
2558	4	1
2559	0	2
2559	10	1
2559	3	1
2560	0	1
2566	0	1
2567	0	1
256	0	1
2574	0	2
2577	1	1
2582	0	1
2583	0	1
2585	0	1
2586	7	1
2589	0	1
2589	10	1
2592	0	3
2593	0	5
2595	0	1
2596	0	1
2598	0	2
25	0	9
2606	0	1
2609	0	1
2610	0	41
2610	1	7
2610	2	5
2610	3	2
2610	4	2
2610	5	1
2612	4	1
2615	0	2
2615	1	2
2616	0	2
2617	0	1
2619	0	14
2619	1	5
2619	2	1
2619	3	2
2619	6	1
2620	0	2
2621	0	1
2622	0	30
2622	1	10
2622	10	1
2622	2	1
2622	5	1
2624	0	1
2625	0	1
262	0	3
2632	0	1
2634	0	4
2634	1	1
2634	2	2
2634	4	1
2635	0	8
2635	7	1
2637	1	1
2645	0	2
2645	2	1
2645	4	1
2648	1	1
2648	9	1
2652	1	1
2652	4	1
2653	0	1
2655	0	5
2656	0	2
2659	5	1
2661	0	5
2661	1	6
2661	10	1
2661	2	1
2661	3	1
2661	5	1
2661	7	1
2662	0	2
2664	0	1
2667	0	7
2667	1	1
2668	0	2
2668	10	1
2669	0	1
2669	1	1
2671	0	1
2671	8	1
2675	0	4
2676	0	2
2676	1	2
2678	0	3
2678	4	1
2681	0	1
268	0	1
2691	0	6
2691	10	1
2691	2	1
2691	3	1
2691	4	2
2691	5	1
2691	6	1
2692	3	1
2693	0	6
2693	10	1
2693	3	1
269	0	1
2705	0	1
2709	0	55
2709	1	18
2709	10	11
2709	2	8
2709	3	9
2709	4	6
2709	5	5
2709	6	1
2709	7	2
2709	8	1
2709	9	4
2712	0	1
2714	0	4
2714	2	1
271	2	1
2722	0	1
2723	5	1
2726	0	3
2731	0	21
2731	2	1
2733	0	3
2736	10	1
2736	2	1
2737	0	1
2738	0	2
2738	1	1
2738	10	1
2738	2	1
2738	6	1
2738	7	1
273	0	1
273	3	1
2746	2	1
2749	0	1
2749	1	1
2749	5	1
2754	0	1
2755	0	1
2755	1	1
2756	0	4
2756	1	1
2762	0	4
2762	4	1
2762	6	1
2762	9	1
2764	0	1
2765	0	8
2765	6	1
2772	0	1
2774	0	1
2780	0	3
2783	0	1
2783	2	1
2783	3	1
2783	7	1
2785	0	1
2786	0	18
2786	1	2
2786	10	2
2786	2	1
2786	3	3
2786	4	1
2786	8	1
2786	9	1
278	1	1
2791	3	1
2804	0	4
2804	1	1
2804	10	3
2804	2	1
2804	6	1
2807	10	1
2810	0	1
2811	9	1
2813	0	44
2813	1	11
2813	10	4
2813	2	1
2813	6	1
2813	8	1
281	0	4
2823	0	3
2823	10	1
2823	8	1
2825	0	1
2827	0	1
2828	0	2
2834	0	1
2834	10	1
2835	0	9
2835	1	2
2837	0	2
2839	0	1
2842	0	1
2844	0	2
2845	0	1
2847	0	2
2848	0	2
2848	1	1
284	0	2
2851	2	1
2852	0	3
2852	1	1
2852	4	1
2853	2	1
2854	0	3
2854	1	3
2854	5	1
2855	0	1
2855	2	1
2857	0	4
285	0	1
285	5	1
2860	0	1
2863	0	1
2868	0	1
2869	0	2
286	0	4
2872	0	2
2872	2	1
2872	3	2
2872	4	1
2873	0	2
2875	0	1
2876	0	1
2877	0	1
2878	7	1
2879	0	2
2882	0	1
2883	0	3
2889	0	2
2889	10	1
2889	5	1
288	0	1
2899	0	5
289	1	1
28	0	2
28	1	1
2901	0	2
2902	0	2
2902	1	1
2902	4	1
2904	0	1
2908	2	1
2911	0	1
2912	7	1
2913	0	1
2914	0	6
2923	0	5
2923	1	1
2923	2	1
2926	3	1
2926	6	1
2930	0	5
2932	0	2
2934	0	493
2934	1	141
2934	10	19
2934	2	70
2934	3	39
2934	4	22
2934	5	7
2934	6	10
2934	7	6
2934	8	4
2934	9	1
2938	1	1
2940	0	1
2941	0	2
2942	0	1
2947	7	1
2950	0	1
2954	0	1
2956	0	1
2957	0	1
2962	3	1
2963	0	2
2964	0	1
2966	10	1
2969	2	1
2969	5	1
296	0	1
2970	0	103
2970	1	30
2970	10	21
2970	2	31
2970	3	14
2970	4	11
2970	5	3
2970	6	6
2970	8	4
2970	9	1
2972	0	1
2973	0	5
2973	1	1
2973	2	1
2973	6	1
2976	0	33
2976	1	1
2976	10	1
2976	2	1
2978	0	1
2979	1	2
2982	2	1
2985	1	1
2987	0	1
2987	1	1
2987	10	1
2990	0	1
2993	0	1
2995	0	22
2995	1	5
2995	10	1
2995	2	2
2995	7	1
2996	10	1
2996	3	1
2999	0	2
2999	3	1
299	0	1
3004	0	1
3005	0	1
3007	0	2
3008	0	1
3009	0	1
3018	0	1
3018	4	1
3022	0	5
3022	1	1
3025	0	4
3025	1	1
3028	0	2
3028	10	1
3028	4	1
3028	5	1
3035	0	1
3035	5	1
3037	0	3
3037	2	1
3038	0	5
3038	1	1
3038	10	1
303	0	7
303	1	1
303	2	1
303	3	1
3045	0	1
3046	0	6
3046	1	3
3046	10	4
3046	2	1
3046	5	1
3046	6	3
3046	7	1
3049	1	1
3052	0	1
3052	2	1
3053	7	1
3054	10	1
305	1	1
3062	0	1
3068	0	1
3071	0	1
3072	0	1
3074	0	2
3074	9	1
3075	0	1
3075	1	1
3075	4	1
3076	0	5
3076	1	1
3078	0	1
3078	1	1
3078	10	1
307	10	1
3086	0	1
3089	1	1
3094	1	1
3096	0	4
3096	5	1
3099	0	1
3101	0	5
3101	3	1
3102	0	6
3103	0	1
3104	0	1
3105	0	2
3105	10	1
3109	0	1
3110	0	1
3111	0	2
3112	0	9
3112	1	3
3112	2	1
3114	0	3
3116	7	1
3117	0	2
3117	10	1
3123	0	10
3123	1	7
3123	2	1
3127	1	1
3130	0	1
3133	0	1
3139	0	2
3139	1	1
3139	2	2
3139	4	1
3139	9	1
3140	0	1
3140	4	1
3141	0	1
3146	0	2
314	0	2
3152	1	1
3155	0	2
3155	1	1
3155	10	1
3155	4	1
3157	0	1
3158	0	1
3158	1	1
3158	10	1
3158	2	2
3159	1	1
3163	0	1
3164	0	2
3165	0	2
3165	4	1
3165	5	1
3168	10	1
3169	0	1
316	4	1
3170	0	3
3170	10	1
3170	3	3
3170	6	1
3171	0	4
3172	0	3
3173	0	6
3173	10	1
3174	8	1
3175	0	6
317	0	1
3182	0	4
3182	1	1
3184	1	1
3189	0	1
3191	0	2
3191	10	1
3191	3	1
3192	0	2
3192	1	1
3198	3	1
3203	0	1
3205	0	1
3206	2	1
3210	0	4
3211	0	1
3214	0	1
3214	1	1
3218	0	4
321	3	1
3222	0	1
3229	0	1
3230	2	1
3231	0	8
3231	1	3
3231	10	1
3231	2	1
3232	0	18
3232	1	1
3232	10	3
3232	2	1
3233	7	2
3235	2	1
3236	0	1
3240	0	2
3241	0	10
3241	1	2
3245	0	2
3248	10	1
324	10	1
3250	0	1
3251	0	25
3251	1	5
3251	10	2
3251	2	4
3251	3	3
3251	4	4
3251	7	2
3256	0	1
3257	0	4
3257	10	1
3261	0	1
3267	0	2
3267	1	1
3269	0	1
3269	3	1
3273	1	1
3276	3	1
3279	2	1
3279	3	1
327	3	1
3281	6	1
3283	0	147
3283	1	18
3283	10	2
3283	2	7
3283	3	1
3283	4	3
3283	6	1
3283	7	1
3283	8	1
3283	9	1
3284	0	200
3284	1	29
3284	10	4
3284	2	10
3284	3	6
3284	4	5
3284	5	1
3284	7	1
3284	8	1
3287	3	1
3288	0	2
3288	10	1
3289	0	1
328	0	1
328	2	1
3290	0	2
3290	1	1
3291	0	3
3291	1	1
3291	10	1
3291	5	1
3291	7	1
3293	0	36
3293	1	11
3293	10	7
3293	2	8
3293	3	6
3293	4	3
3293	5	1
3293	6	1
3293	8	1
3293	9	1
3297	0	1
3298	0	9
3298	1	2
3298	10	2
3298	2	1
3298	4	1
3298	5	1
3298	7	1
3298	8	1
3299	0	1
3299	1	1
3305	0	1
3305	4	1
330	0	3
3310	0	2
3310	10	1
3312	0	1
3318	0	1
3318	10	2
3319	0	1
3326	0	1
3328	0	1
3328	10	1
3330	0	1
3330	9	1
3333	0	1
3333	1	1
3337	0	8
3338	0	3
3340	0	1
3342	0	4
3342	2	1
3346	5	1
3346	6	1
3346	8	1
3348	0	1
3349	1	1
334	10	1
3352	0	3
3353	0	3
3353	1	2
3360	0	5
3360	1	1
3360	7	1
3360	8	1
3362	0	7
3362	1	1
3362	3	3
3367	0	3
336	0	1
3370	10	1
3372	0	1
3379	0	1
3381	0	619
3381	1	278
3381	10	62
3381	2	139
3381	3	55
3381	4	38
3381	5	28
3381	6	20
3381	7	13
3381	8	12
3381	9	10
3388	0	3
3389	1	1
3389	10	1
3389	2	1
3389	3	1
3389	4	1
3389	5	1
3390	0	1
3391	0	1
3394	0	27
3394	1	1
3394	10	3
3394	2	1
3394	3	1
3394	6	1
3395	3	1
3398	0	1
339	8	1
3401	0	1
3401	10	1
3403	0	43
3403	1	12
3403	10	1
3403	2	7
3403	3	1
3403	4	1
3403	5	1
3405	0	1
3406	0	2
3406	1	3
3410	0	1
3411	0	1
3414	0	1
3415	0	1
3417	0	1
3419	10	1
3423	6	1
3424	0	1
3426	0	2
3426	5	1
3429	0	2
342	0	5
342	10	2
3431	0	5
3431	1	1
3431	2	1
3431	8	1
3434	0	1
343	1	1
3440	0	1
3441	0	1
3442	0	1
3445	0	1
3447	0	3
3447	1	1
3447	10	2
3447	3	1
3449	0	6
3449	1	1
3449	6	1
344	9	1
3450	0	1
3453	0	1
3462	0	1
3465	10	1
3466	0	1
3468	0	2
346	7	1
3472	0	1
3473	0	1
3477	0	6
3479	0	4
3479	1	1
347	0	1
3480	0	3
3480	1	1
3480	3	1
3482	0	2
3483	0	1
3486	0	1
3488	0	3
3489	0	5
3489	9	1
3490	0	1
3492	1	1
3492	6	1
3493	0	4
3495	0	2
3495	10	1
3499	0	8
3499	1	3
34	0	1
3505	1	1
3505	10	1
3507	0	1
3507	4	1
350	0	1
3512	10	3
3513	0	6
3516	0	1
3518	0	8
3518	1	2
3518	10	4
3518	2	1
3518	3	1
3518	4	4
3518	5	1
3518	8	3
351	0	12
3522	10	1
3525	1	1
3527	0	12
3527	1	3
3527	10	1
3527	2	2
3527	6	1
3529	0	1
3532	0	498
3532	1	32
3532	10	1
3532	2	16
3532	3	6
3532	4	3
3532	5	1
3532	9	2
3533	0	24
3533	1	3
3533	10	1
3533	2	7
3533	4	1
3533	7	1
3534	0	1
3537	0	1
3539	0	2
3545	0	4
3545	1	2
3545	2	1
3546	0	27
3546	1	4
3546	2	4
3546	3	2
3546	4	1
3546	9	1
3548	10	1
3549	0	1
3549	3	1
3550	0	4
3550	1	1
3550	8	1
3551	10	1
3553	0	1
3554	0	2
3555	1	1
3557	0	1
3559	0	2
3559	1	3
3559	6	1
3559	7	1
355	0	2
355	10	1
3561	0	3
3562	0	2
3564	0	1
3564	3	1
3566	0	1
3567	0	1
3568	0	3
3568	10	1
3570	0	8
3570	1	2
3572	0	2
3573	0	1
3574	0	1
357	10	1
3584	0	1
3584	2	1
3584	3	1
3587	2	1
3589	0	1
3590	0	1
3590	6	1
3594	0	2
3597	0	24
3597	5	1
3599	0	11
3599	1	5
359	1	1
35	0	1
3600	0	1
3600	10	1
3602	10	1
3602	4	1
3608	0	1
3611	0	2
3611	1	1
3611	3	1
3611	4	2
3611	5	1
3616	0	1
361	3	1
3620	4	1
3621	0	391
3621	1	67
3621	10	5
3621	2	20
3621	3	10
3621	4	3
3621	5	2
3621	9	1
3622	0	3
3622	1	1
3625	0	3
3625	10	2
3625	9	1
3628	0	6
3628	2	1
3630	0	4
3630	1	1
3630	6	1
3630	9	1
3641	0	4
3641	1	1
3641	2	1
3642	0	1
3644	10	1
3644	9	1
3645	0	2
3646	0	2
3646	2	1
3646	4	1
3646	5	2
3647	2	1
3654	0	2
3654	2	1
3654	8	1
3655	0	3
3655	1	3
3655	10	2
3655	2	1
3655	3	2
3656	0	3
3659	0	1
3660	0	1
3661	0	1
3661	1	1
3663	0	1
3665	6	1
3667	2	1
3667	3	1
3669	0	1
3673	0	16
3673	1	1
3673	2	1
3673	3	2
3674	0	3
3676	0	1
3679	0	4
3679	10	1
3680	0	1
3687	0	1
3692	0	1
3695	0	1
3698	0	1
3702	1	1
3706	0	8
3706	1	1
3709	0	1
3710	0	120
3710	1	25
3710	10	3
3710	2	7
3710	3	6
3710	5	1
3710	7	2
3710	9	2
3713	3	1
3717	0	4
3722	0	8
3722	1	1
3722	2	2
3722	4	1
3722	5	1
3724	5	1
3725	1	1
3729	0	2
3732	0	1
3732	3	1
3733	0	1
3743	0	1
3743	3	1
3743	6	1
3747	0	1
3748	0	1
3750	0	3
3750	1	1
3750	10	1
3750	2	1
3750	4	1
3752	0	1
3753	0	1
3755	0	2
3757	10	1
3759	0	1
375	1	1
375	2	2
375	7	1
375	8	1
3760	0	1
3762	0	9
3762	1	2
3762	10	1
3762	2	1
3766	0	4
3770	0	9
3770	10	1
3770	2	1
3770	4	2
3770	8	1
3771	0	1
3773	0	1
3773	10	2
3773	4	1
3773	6	1
3777	1	2
3779	0	4
3784	0	1
3785	0	2
3785	1	1
3786	0	157
3786	1	16
3786	10	11
3786	2	19
3786	3	14
3786	4	8
3786	5	3
3786	6	4
3786	7	2
3786	8	4
3787	1	1
3790	5	1
3792	1	1
3795	0	1
3798	2	1
3801	0	1
3802	0	1
3803	0	1
3807	0	42
3807	1	3
3808	1	1
3809	0	1
380	0	59
380	1	6
380	2	3
380	3	2
380	8	1
3810	0	1
3811	0	3
3813	0	1
3813	1	1
3814	0	2
3815	0	1
3819	0	1
3820	10	1
3823	0	1
3826	0	2
3827	1	1
3829	10	1
382	0	1
382	1	2
382	2	1
382	3	1
3836	1	1
3839	0	1
3847	0	13
3847	2	1
3848	0	1
384	0	3
3850	1	1
3854	0	1
3854	5	1
3855	4	1
3855	6	1
3857	0	1
3857	1	1
3857	2	1
3857	3	1
3857	6	1
3859	0	1
385	0	1
3861	0	2
3862	0	1
3862	10	1
3862	4	1
3868	0	1
386	1	1
386	4	1
3871	0	9
3871	1	2
3871	2	2
3871	3	2
3873	0	1
3874	0	1
3876	0	2
3877	0	3
3877	1	1
3877	10	1
3883	3	1
3886	0	2
3888	1	1
3888	2	1
3888	6	1
388	0	5
388	1	6
388	2	3
388	3	3
388	4	1
388	5	1
3890	10	1
3895	2	1
3897	2	1
3897	3	1
3897	4	1
3898	1	2
3899	0	6
3899	1	3
3899	10	1
3899	6	1
389	0	1
3900	0	1
3903	0	2
3907	0	1
3915	10	1
3916	0	4
3917	0	1
3917	1	1
391	0	4
391	1	1
391	2	2
3921	0	1
3921	5	1
3924	10	1
3924	6	1
3927	4	1
3928	0	3
392	0	1
3930	0	1
3934	0	1
3935	0	1
3936	0	1
3937	7	1
3939	0	30
3939	1	14
3939	10	3
3939	2	9
3939	3	8
3939	4	4
3939	5	2
3939	6	3
3939	7	1
3941	0	3
3941	2	1
3941	3	1
3946	1	1
3949	0	1
3949	10	1
3951	0	6
3952	0	5
3958	0	7
3958	8	1
395	0	3
3964	0	1
3966	0	1
3971	0	1
3971	1	2
3971	2	1
3977	0	1
397	0	5
397	1	1
3980	0	1
3980	1	1
3981	0	1
3982	0	2
3986	0	1
3987	0	5
3987	10	1
398	0	8
398	1	1
398	10	2
398	2	3
398	3	4
398	4	2
398	5	1
398	7	1
398	8	1
3996	10	1
3996	9	1
3997	0	4
3997	10	1
3998	5	1
3	0	1
4000	0	1
4002	1	1
4002	10	2
4002	7	1
4004	0	1
4009	0	1
4011	0	1
4011	3	1
4013	8	1
4014	10	1
4015	0	1
4018	0	6
4024	0	1
4028	2	1
4030	0	3
4030	2	1
4033	10	1
4034	9	1
4036	0	1
4037	2	2
4043	0	50
4043	1	22
4043	10	1
4043	2	4
4043	3	3
4043	4	2
4043	5	2
4043	6	3
4043	8	1
4045	0	1
4046	1	1
4048	0	35
4053	0	3
4057	0	2
4057	1	1
4058	0	1
4059	0	1
4062	0	1
4066	1	1
4066	4	1
4069	1	2
406	0	2
4070	0	32
4070	1	4
4070	2	3
4074	0	3
4075	2	1
4077	0	1
407	8	1
4083	0	51
4083	1	6
4083	9	1
4084	0	4
4084	1	1
4086	0	1
408	0	2
4099	0	1
409	0	1
40	0	2
40	2	1
40	7	1
4100	0	3
4102	0	1
4102	1	1
4102	10	1
4103	0	1
4106	0	1
4108	0	1
4111	0	1
4113	0	3
4116	0	4
4116	10	1
4116	2	2
4117	0	1
4117	1	1
4117	2	1
411	0	2
411	10	1
4120	0	3
4123	0	2
4123	10	1
4124	4	1
4124	6	1
4125	0	1
4128	1	1
4130	0	5
4130	10	1
4132	0	1
4137	2	1
4138	0	1
4138	10	1
4138	6	1
4142	0	339
4142	1	96
4142	10	3
4142	2	36
4142	3	12
4142	4	6
4142	5	3
4142	6	3
4142	7	2
4142	8	1
4142	9	2
4144	0	1
4146	0	2
4149	0	1
414	0	2
4155	0	2
4155	1	1
4155	10	1
4155	7	1
4157	1	2
4164	0	2
4167	1	1
4171	0	1
4171	10	1
4173	0	13
4173	1	1
4173	2	2
4173	3	2
4180	0	2
4184	0	2
4190	0	1
4190	10	1
4195	0	121
4195	1	20
4195	10	1
4195	2	6
4195	3	2
4195	4	2
4195	6	2
4195	7	1
4195	9	1
4202	0	4
4206	0	1
4208	0	2
4208	10	1
4208	6	1
4209	0	1
420	0	1
420	10	1
4211	0	1
4216	1	2
421	1	1
4220	0	7
4220	1	2
4220	3	1
4220	4	1
4220	8	1
4225	3	1
4226	0	1
4226	1	1
4227	1	1
422	1	1
4232	0	1
4234	0	5
4234	1	2
4234	2	1
4239	0	2
4239	1	1
423	0	2
4240	0	1
4240	10	1
4241	0	4
4242	0	19
4242	1	2
4242	10	1
4248	0	1
4248	1	1
4260	0	2
4260	1	3
4260	2	1
4265	0	2
4267	0	1
4270	0	3
4271	0	3
4272	0	2
4272	10	1
4273	6	1
4274	0	1
4275	0	3
4279	0	2
4279	1	1
427	5	1
4281	0	2
4282	0	1
4287	1	1
4291	0	9
4292	0	1
4292	1	2
4292	7	1
4297	0	1
4299	0	2
42	0	29
42	1	2
42	10	2
42	2	3
42	3	2
42	7	1
42	9	1
4302	1	1
4303	0	2
4305	1	1
4306	0	1
4306	1	2
4308	0	7
4308	1	2
4308	4	2
4308	6	1
4312	0	1
4312	1	1
4314	0	1
431	1	1
4320	0	1
4322	10	1
4327	2	1
4328	0	2
4331	1	1
4335	0	1
4335	10	1
433	4	1
4342	0	1
4342	3	1
4345	0	1
4345	10	1
4348	0	1
434	0	1
4351	0	1
4356	0	33
4356	1	7
4356	10	6
4356	2	4
4356	3	5
4356	4	1
4356	5	1
435	0	1
4361	0	1
4361	1	1
4364	0	1
4364	10	1
4367	0	2
4369	5	1
4372	8	1
4374	2	1
4377	0	13
4377	1	5
4377	10	1
4377	5	1
437	0	1
4381	2	1
4381	3	1
4382	1	1
4383	0	2
4386	1	1
4387	0	1
4395	4	1
4405	0	2
4405	10	3
4407	0	1
4410	2	1
4414	0	1
4417	7	1
4419	0	1
441	0	7
4422	1	1
4426	0	2
4427	0	4
4427	2	1
4427	3	1
4427	4	2
442	0	5
4431	10	1
4431	3	1
4431	5	1
4433	0	64
4434	0	3
4434	2	1
4436	0	2
4438	0	1
4438	1	1
4439	10	1
4440	0	1
4441	0	4
4441	1	1
4441	10	1
4441	2	1
4441	4	2
4441	6	1
4442	2	1
4446	0	1
4447	0	3
4448	0	2
4450	0	1
4450	1	1
4451	0	2
4452	3	1
4457	0	1
4458	0	2
4461	0	1
4462	0	1
4462	1	1
4466	0	3
4468	0	1
4470	0	2
4471	0	2
4472	0	3
4472	1	2
4472	10	1
4477	0	1
4478	0	1
447	0	2
4484	0	1
4485	0	2
4485	2	1
4487	0	1
4489	0	1
4490	10	1
4498	0	1
4498	10	1
449	0	3
4502	0	2
4504	2	1
4508	10	2
450	0	446
450	1	112
450	10	18
450	2	36
450	3	16
450	4	14
450	5	5
450	6	2
450	7	2
450	8	7
450	9	3
4511	0	2
4512	0	1
4515	0	17
4515	1	5
4515	10	2
4515	2	1
4515	3	1
4519	0	1
451	0	2
451	1	2
451	2	2
451	5	1
4523	0	1
4528	1	1
4529	3	1
4530	1	2
4533	0	1
4535	1	1
4536	0	2
4536	1	1
453	4	1
4540	0	1
4542	0	1
4542	10	1
4543	0	4
4543	1	1
4543	5	2
4545	0	1
4545	2	1
4545	8	1
4546	0	1
4551	4	1
4554	6	1
4564	6	1
4567	0	1
4569	0	1
4569	4	1
456	0	1
456	1	1
456	2	1
456	4	1
4570	0	9
4573	0	1
4574	0	1
4575	0	2
4576	10	1
4576	3	1
4576	4	1
4577	0	2
4577	1	1
4577	2	1
4577	3	2
4579	0	52
4579	1	13
4579	10	4
4579	2	7
4579	3	2
4579	4	1
4579	6	2
4579	8	2
4579	9	1
457	0	3
457	1	1
457	8	1
4581	0	1
4582	0	26
4582	1	7
4582	2	3
4582	3	1
4582	4	1
4582	5	1
4582	8	1
4583	0	2
4584	0	7
4584	1	1
4586	0	1
4588	0	1
4595	0	1
4597	0	9
4597	1	2
4597	4	2
4597	6	2
4597	8	1
4599	0	2
4599	10	1
4601	5	1
4606	1	1
4606	10	1
4609	0	1
4609	10	1
4613	0	2
4614	0	2
4615	0	2
4617	0	3
4617	9	1
4621	0	2
4628	0	1
4629	0	1
4632	4	1
4636	0	4
4636	2	1
4636	5	1
4638	0	2
463	0	3
463	2	1
463	7	1
4640	0	3
4640	1	1
4643	0	1
4643	1	2
4644	0	1
4645	10	1
4647	5	1
4649	0	3
4649	1	1
4649	3	1
464	0	2
4651	0	1
4653	1	1
4654	10	2
4654	3	1
4654	4	1
4659	0	1
4660	0	6
4660	1	8
4660	10	1
4660	2	3
4660	3	2
4660	4	1
4661	0	4
4661	10	1
4663	0	23
4663	1	7
4663	10	3
4663	2	4
4663	3	3
4663	4	3
4663	5	1
4663	6	4
4663	9	1
4673	0	2
4673	3	1
4673	4	1
4674	0	1
4674	6	1
4675	0	6
4675	2	1
4676	0	1
4676	1	1
4677	0	2
4677	10	1
4677	2	1
4677	6	1
4677	8	1
4679	0	1
4679	4	1
4682	10	1
4687	0	2
4687	1	2
4687	2	1
4687	4	1
4691	5	1
4694	0	2
4694	9	1
4696	2	1
4697	0	1
4700	0	3
4701	0	1
4710	0	2
4714	10	1
471	0	1
4720	0	23
4720	1	3
4720	2	1
4720	3	2
4725	0	1
4726	0	1
4728	0	2
4728	3	1
4728	4	2
4730	0	1
4732	1	1
4732	2	1
4734	0	2
4736	0	1
4747	0	1
4748	0	3
4748	10	2
4748	2	1
4748	3	2
4748	4	1
4748	6	1
4748	7	3
4749	2	1
4749	3	1
4753	0	1
4753	1	3
4755	0	1
4759	0	3
4765	0	1
4768	0	2
4769	0	1
4769	4	1
4771	0	2
477	0	4
477	1	2
4780	0	2
4782	7	1
4786	0	1
4787	0	1
4789	0	3
4789	2	1
478	1	1
4790	1	1
4792	0	1
4793	0	1
4794	2	1
4796	0	1
4799	2	1
4802	0	1
4805	0	1
4807	0	2
4807	4	2
4808	0	18
4808	1	4
4808	10	2
4812	2	1
4814	0	1
4816	3	1
4821	1	1
4823	10	1
4826	10	1
4827	0	2
4827	10	1
4828	0	1
4828	10	1
4830	1	1
4832	0	3
4832	2	1
4833	0	21
4833	1	15
4833	10	7
4833	2	8
4833	3	5
4833	4	3
4833	5	2
4833	6	2
4833	7	2
4833	8	3
4833	9	1
4840	6	1
4841	0	1
4842	10	1
4845	1	1
4845	10	1
4845	2	1
4848	7	1
4852	0	4
4855	0	1
4856	0	1
4857	0	1
4860	0	24
4860	1	17
4860	10	2
4860	2	2
4860	3	1
4860	4	2
4860	5	1
4860	6	2
4860	7	2
4860	8	1
4860	9	1
4861	0	1
4865	0	2
4866	0	1
4866	3	1
4867	0	1
4869	8	1
4872	0	2
4873	1	1
4874	0	3
4877	1	1
4882	0	1
4883	0	33
4883	1	1
4883	10	1
4883	3	1
4883	7	1
4885	0	3
4885	1	1
4885	10	2
4888	0	1
4894	0	3
4895	0	1
4897	0	1
4899	0	1
48	0	2
48	5	1
4901	0	1
4901	1	1
4903	0	2
4903	4	1
4905	0	1
4906	0	16
4906	1	2
4906	2	2
4906	3	1
4907	0	2
4907	6	1
4908	0	1
4909	0	4
4909	2	1
490	0	1
4912	0	1
4912	10	2
4920	6	1
4923	0	1
4924	1	1
4924	5	1
4926	0	4
4926	10	1
4926	3	1
4926	9	1
4929	0	1
492	0	3
4930	0	4
4930	7	1
4931	1	1
4931	4	1
4932	0	1
4934	0	1
4936	10	1
4939	0	1
4939	5	1
4941	10	1
4942	0	3
4942	1	1
4944	0	1
4945	0	2
4945	10	1
4946	0	1
4951	0	2
4951	1	1
4953	0	3
4953	1	1
4953	2	1
4953	3	2
4953	9	1
4958	1	1
495	0	1
4960	6	1
4961	0	1
4962	3	1
4963	0	1
4964	0	1
4965	0	2
4968	0	1
496	0	1
4970	0	1
4971	4	1
4974	0	1
4975	0	2
4975	1	1
4976	0	4
4978	0	1
4978	1	1
497	0	2
4981	1	1
4983	0	1
4984	4	1
4986	0	1
4989	0	2
4992	10	2
4992	8	1
4	0	2
5001	0	2
5003	0	7
5004	8	1
5006	0	13
5006	1	7
5006	10	1
5006	2	2
5006	4	1
500	0	2
500	7	1
5010	0	12
5010	10	1
5010	9	1
5011	0	3
5013	0	2
5015	0	1
5015	1	1
5018	0	5
5018	2	1
5022	0	1
5022	1	1
5025	0	1
5027	0	4
5027	1	1
5028	0	1
5028	1	1
5030	2	1
5031	5	1
5032	0	4
5033	0	1
5036	0	11
5038	0	3
5039	0	3
5039	4	1
503	0	6
503	10	1
503	3	1
5040	0	1
5040	1	1
5041	0	4
5041	10	2
5042	0	1
5043	0	1
5044	0	1
5045	0	9
5045	1	3
5049	0	1
504	0	1
504	1	1
5050	0	1
5052	0	1
5053	0	1
5055	0	1
5056	4	1
5060	0	1
5061	1	1
5070	0	4
5074	0	1
5074	1	1
5074	10	1
5074	4	1
5075	0	1
5077	0	1
5078	0	2
5079	0	1
5083	0	1
5084	0	13
5084	1	2
5089	0	2
5089	1	1
508	0	3
508	1	1
508	2	2
5091	0	4
5096	0	1
5097	0	1
5097	2	1
5098	0	1
5099	2	1
50	0	1
50	4	1
5101	0	1
5105	0	1
5106	0	7
5106	10	1
5106	3	1
5106	7	1
5106	9	1
5111	0	1
5111	1	1
5113	0	2
5114	0	1
5116	0	2
5120	0	3
5121	0	1
5123	0	2
5123	5	1
5124	0	3
5127	0	5
512	0	12
512	1	1
512	5	1
5132	0	4
5132	3	1
5135	0	10
5135	1	3
5135	2	1
5136	0	1
5136	10	1
5136	2	1
5138	0	13
5138	1	5
5138	3	2
5138	8	1
5140	0	1
5143	0	1
5143	1	3
5143	2	1
5143	4	1
5144	1	1
514	0	1
514	2	1
5152	0	18
5152	1	8
5152	10	6
5152	2	6
5152	3	2
5152	4	2
5152	5	2
5152	6	1
5152	8	1
5152	9	2
5155	0	1
5155	1	1
5155	10	1
5158	0	3
5158	1	1
5158	10	1
5158	3	1
5158	5	1
5159	0	1
5163	1	1
516	0	1
5172	0	2
5179	0	3
517	0	20
517	1	1
5180	0	1
5182	0	1
5185	0	1
5188	5	1
5192	0	1
5195	0	1
5197	0	1
5198	0	1
5199	0	7
5199	1	1
519	0	3
5202	7	1
5204	0	1
5206	0	1
5208	0	1
5210	0	2
5212	10	1
5212	8	1
5213	0	2
5217	0	1
5219	0	1
5223	0	1
5225	0	5
5225	10	1
5225	2	1
5225	3	1
5231	0	1
5232	4	1
5233	0	2
5233	2	1
5236	10	1
5237	0	2
5237	8	1
523	0	2
523	1	1
524	0	3
524	1	1
5250	1	1
5253	0	2
5256	0	18
5256	1	1
5256	10	1
5256	3	1
5257	3	1
5259	0	1
5261	0	1
5261	1	1
5261	5	1
5265	0	2
5265	4	1
5265	5	2
5270	0	2
5270	1	2
5274	0	4
5274	1	1
5274	2	2
5276	0	1
5279	0	2
5281	0	2
5283	10	1
5288	0	1
5289	0	1
5289	10	2
5294	0	5
5294	6	1
5294	8	1
5296	1	1
5297	0	1
5297	1	3
5300	0	1
5301	0	4
5310	0	1
5312	0	1
5312	1	1
5314	0	1
531	0	1
5322	10	1
5327	0	1
5329	0	1
5330	0	1
5332	0	3
5334	0	2
5337	0	2
5338	0	1
5341	0	1552
5341	1	67
5341	10	14
5341	2	12
5341	3	1
5341	4	2
5341	5	4
5343	0	2
5344	0	1
5345	4	1
5347	0	3
5347	1	1
5348	0	1
5349	8	1
5351	0	1
5353	5	1
5356	0	5
5356	1	1
5362	0	2
5362	1	2
5363	0	1
5363	2	1
5367	0	1
5369	0	1
5370	0	2
5371	0	2
5371	1	1
5372	2	1
5374	5	1
5377	0	1
5377	10	2
5381	0	1
5383	1	1
5383	6	2
5385	0	2
5385	1	1
5387	0	1
5393	0	3
5396	0	1
5396	2	1
5398	0	2
539	0	1
5408	0	4
5408	2	1
540	0	1
5413	0	4
5413	1	3
5413	2	1
5413	4	1
5413	7	1
5414	1	1
5415	0	1
5416	0	1
5418	0	1
541	0	1
5420	0	1
5420	3	1
5421	0	2
5423	0	1
5428	0	2
5429	0	2
543	0	1
545	5	1
5463	3	1
5467	1	1
5467	10	1
5472	0	1
5474	10	1
5474	3	1
5477	0	3
5478	5	1
5479	5	1
547	0	7
547	1	2
547	10	1
5480	10	1
5480	4	1
5481	0	1
5481	10	1
5483	0	2
5484	0	1
5490	0	1
5501	5	1
5505	0	1
5507	0	7
5507	1	1
5507	3	1
5507	6	2
5509	0	1
5509	4	1
5512	0	4
5513	0	1
5513	1	1
5516	0	1
5516	1	1
5516	2	1
5518	1	1
5524	0	3
5524	3	1
5527	0	2
5530	0	1
5535	0	1
5535	3	1
5535	5	1
5536	0	3
5538	0	1
5542	10	1
5544	0	1
5545	2	1
5549	0	1
554	2	1
5550	0	1
5552	0	1
5556	0	5
5556	1	1
5556	2	1
5557	0	2
5557	1	2
5557	3	1
5558	0	1
5559	0	2
5559	10	1
555	0	1
555	1	1
555	4	1
5562	2	1
5562	8	1
5566	0	1
5572	0	1
5574	0	3
5579	0	2
5581	0	1
5582	10	1
5585	0	1
5586	0	4
5590	0	1
5590	1	1
5591	0	108
5591	1	23
5591	10	1
5591	2	6
5591	3	1
5591	4	3
5591	6	1
5595	0	1
5596	0	18
5596	1	2
55	0	1
5601	0	2
5602	0	2
5604	0	1
5608	0	1
5608	7	1
5609	0	2
5614	3	1
5618	0	1
5619	1	1
561	0	2
561	1	1
5627	0	3
5628	0	1
5628	2	1
5628	4	1
5630	2	3
5633	1	1
5636	0	1
5639	0	2
5639	1	1
5639	2	1
5643	0	1
5643	10	1
5644	0	1
5647	0	1
5649	1	1
564	0	2
564	3	1
5650	3	1
5654	0	3
5656	0	1
5656	3	1
5658	0	1
5664	0	8
5673	0	1
5674	0	1
5679	0	1
567	0	1
5681	1	1
5687	0	2
5688	1	1
5688	10	1
5689	0	3
5689	1	1
5689	10	1
5691	0	2
5692	0	2
5694	0	1
5696	9	1
5697	0	7
5697	1	1
5697	10	1
56	0	1
5704	0	4
5704	1	2
5704	2	1
5706	0	3
5707	0	1
5708	10	2
5709	0	2
5711	0	1
5713	0	2
5715	10	1
5716	0	2
5717	0	87
5717	1	26
5717	10	5
5717	2	14
5717	3	7
5717	4	6
5717	5	5
5717	6	3
5717	7	1
5717	8	1
5722	0	1
5729	0	1
5731	0	3
5734	0	1
5735	2	1
5736	0	2
5737	0	3
5742	0	1
5743	3	1
5752	0	2
5752	3	1
5753	0	2
5755	0	5
5755	1	3
5755	3	1
5755	4	1
5760	0	1
5761	0	1
5762	0	3
5762	10	1
5765	0	1
5769	0	2
5769	1	1
576	0	2
576	3	1
576	4	1
5771	0	1
5773	0	8
5773	1	1
5774	0	1
5774	10	1
5775	0	1
5777	0	2
5777	1	1
5777	3	1
5783	0	1
5787	10	1
5789	0	1
5791	0	3
5791	1	1
5792	0	2
5794	0	1
5794	1	1
5796	0	7
5796	1	1
5798	0	1
5800	0	1
5801	0	1
5803	0	16
5803	1	3
5803	2	1
5803	4	1
580	0	1
5813	0	4
5813	1	1
5813	2	1
5818	0	3
5818	10	1
5819	10	1
5819	2	1
5821	0	2
5825	7	1
5826	0	1
5826	2	1
5828	0	3
5829	0	1
582	0	2
582	10	2
582	3	1
582	4	1
582	9	1
5831	0	1
5831	1	1
5841	0	1
5843	0	2
5846	1	1
5847	0	1
5848	0	1
5850	1	1
5850	10	1
5851	0	1
5851	1	1
5854	10	1
5855	0	1
5858	0	6
5858	1	2
5858	2	2
5858	4	2
5859	0	1
5866	0	2
5866	6	1
5867	0	1
5867	10	1
5868	0	1
5870	0	11
5870	1	1
5870	10	1
5870	2	1
5870	6	1
5871	1	1
5875	0	2
5875	1	1
5875	10	1
5875	2	1
5875	9	1
5876	1	1
5877	0	1
5881	0	1
5884	0	6
5884	1	2
5884	10	1
5884	2	3
5884	3	2
5887	0	4
5887	10	1
5887	2	1
5888	0	3
5888	2	1
5892	0	2
5896	0	1
5896	10	1
589	1	1
58	0	58
58	1	2
58	2	1
5901	0	2
5903	3	1
5907	1	3
5907	2	1
5907	5	1
5908	0	5
5908	10	1
5910	8	1
5915	0	1
5916	0	2
5917	0	1
5919	0	1
5919	10	2
5928	0	4
5930	0	1
5932	1	1
5937	0	1
5939	0	1
5939	1	1
5939	3	1
5940	0	1
5944	0	1
5946	1	1
5953	0	1
5954	0	11
5954	4	1
5955	0	2
5956	0	2
5956	9	1
5957	1	1
5958	0	15
5958	1	2
5958	10	1
5958	3	1
595	0	1
5960	0	3
5960	3	1
5963	0	2
5965	1	1
5968	0	7
5969	0	1
5970	0	1
5971	0	1
5971	6	1
5972	0	1
5974	0	2
5974	1	1
5974	2	1
5974	6	1
5978	0	1
5984	0	1
5985	0	3
5985	2	1
5988	0	1
5995	0	1
5996	0	1
5996	1	1
5998	0	5
599	0	2
599	1	1
5	0	1
6000	0	1
6000	1	1
6000	2	1
6006	3	1
6009	0	1
6009	10	1
600	0	1
6016	0	3
6020	0	6
6020	4	1
6021	0	17
6021	1	3
6023	0	1
6024	0	16
6024	10	1
6024	3	2
6024	4	2
6025	0	8
6025	3	1
6027	0	3
6027	10	1
6028	0	1
6028	10	1
6029	0	1
6029	1	1
602	10	1
6031	1	1
6033	0	3
6034	0	1
6034	2	1
6034	4	1
6034	9	1
6036	10	1
6043	0	3
6043	1	1
6044	0	1
6044	8	1
604	0	1
604	1	1
6056	0	2
6060	0	2
6063	0	1
6064	3	1
6072	0	2
607	5	1
6084	0	2
6085	0	2
6085	1	1
6085	10	1
6089	0	2
6090	0	2
6090	5	1
6092	0	6
6094	0	5
6097	0	1
60	8	1
6101	0	6
6106	0	13
6106	1	8
6106	2	1
6106	7	1
6108	0	1
6110	0	1
6113	0	1
6113	3	1
6117	10	1
611	0	41
611	1	6
611	3	1
611	5	2
6121	0	2
6121	10	2
6127	0	1
6128	0	2
6129	6	1
6134	0	9
6134	1	1
6134	3	1
6135	0	78
6135	1	9
6135	10	3
6135	2	6
6135	3	4
6135	4	2
6135	5	1
6135	6	1
6135	9	1
6137	0	1
6142	0	1
6144	0	1
6145	0	1
6152	0	1
6152	10	1
6153	0	1
6154	0	1
6154	10	1
615	0	1
6161	4	1
6164	0	2
6164	1	2
6166	0	2
6168	2	1
6169	4	1
616	0	2
6173	0	5
6173	1	4
6173	4	1
6175	0	2
6176	0	1
6179	5	1
6182	10	1
6183	0	2
6183	2	1
6184	0	3
6186	0	8
6186	10	3
6186	5	1
6186	8	2
6189	0	34
6189	2	2
6189	4	1
618	0	1
618	5	1
6192	0	2
6193	0	4
6193	1	3
6193	10	1
6193	2	2
6195	0	7
6195	1	2
6195	10	3
6195	5	2
6195	6	1
6195	9	1
6196	0	1
6198	0	1
6198	1	1
6198	8	1
619	0	1
61	0	1
6200	0	2
6209	0	3
6209	2	1
620	6	1
6212	0	2
6216	10	1
6216	2	1
6216	6	1
6218	0	1
6220	0	2
6223	0	3
6224	0	1
6227	0	2
6231	0	2
6231	1	1
6231	2	1
6233	0	2
6237	0	2
6238	0	6
6238	2	1
6238	4	1
6241	0	1
6243	0	9
6253	0	5
6255	7	1
6259	1	1
6259	4	1
6262	2	1
6262	4	1
6263	0	1
6266	0	1
6267	6	1
626	0	2
6270	0	3
6272	0	1
6274	2	1
6276	0	1
6277	10	2
6277	2	2
6278	0	2
6279	0	7
6279	1	1
6280	0	2
6283	0	1
6284	0	5
6284	1	3
6284	10	3
6284	2	2
6284	4	1
6284	6	3
6284	7	2
6285	0	1
6286	3	1
6287	0	1
6287	10	1
6288	0	6
6288	1	2
6288	10	1
6288	2	2
6288	3	1
628	6	1
6290	0	1
6297	10	1
6298	0	1
6299	0	1
629	0	6
629	1	3
629	10	1
629	2	1
629	5	1
6300	0	3
6300	1	1
6316	0	3
6317	0	5
6317	10	1
6321	6	1
6322	2	1
6323	3	1
6329	0	2
632	0	2
6333	0	3
6335	0	1
6336	0	2
6339	0	1
6340	0	2
6342	1	1
6342	5	1
6347	0	1
6348	0	1
6348	3	1
6349	0	2
6350	0	1
6351	0	1
6352	0	22
6352	1	1
6352	2	2
6352	3	2
6352	9	1
6356	0	1
6359	0	3
6359	1	1
6361	0	2
6362	0	5
6362	10	7
6362	2	1
6362	3	1
6362	4	2
6362	5	2
6362	6	1
6362	9	1
6363	0	6
6364	10	1
6369	0	2
636	0	1
6371	0	1
6371	6	1
6372	0	1
6372	1	2
6372	10	1
6372	2	1
6372	5	1
6375	0	18
6375	1	2
6375	2	1
6375	4	2
6375	9	1
6378	0	2
6378	2	1
6379	0	1
637	8	1
6380	0	1
6380	10	2
6380	2	1
6382	1	1
6386	0	1
6388	0	4
6388	10	4
6389	0	1
638	4	1
6401	0	1
6402	0	2
6403	0	4
6403	1	1
6404	0	2
6404	10	1
6404	3	1
6405	0	2
6405	1	1
6405	10	2
6405	2	1
6405	3	1
6405	6	1
6409	0	3
640	0	1
6414	0	1
6414	3	2
6416	3	1
6417	0	1
6418	0	4
6424	0	4
6424	1	1
6429	0	1
642	0	58
642	1	1
642	2	2
6434	0	43
6434	1	14
6434	10	4
6434	2	6
6434	3	2
6434	4	4
6434	5	3
6434	7	2
6434	8	1
6437	0	1
6440	0	1
6440	1	1
6446	0	1
6453	0	2
6454	0	47
6454	1	7
6454	10	1
6454	2	2
6454	3	5
6454	4	1
6454	7	1
6457	2	1
6460	0	1
6465	0	1
6468	0	7
6468	10	1
6468	3	1
646	0	1
646	5	1
646	9	1
6475	0	4
6475	1	3
6475	10	1
6475	4	1
6476	0	1
6477	0	1
647	2	1
6481	0	5
6481	1	1
6481	10	1
6481	7	1
6481	8	1
6481	9	1
6483	0	1
6485	0	994
6485	1	126
6485	10	8
6485	2	34
6485	3	22
6485	4	5
6485	5	3
6485	6	3
6485	8	2
6485	9	1
6486	0	4
6486	2	1
6488	0	1
648	2	1
6490	0	1
6492	0	2
6493	0	1
6493	3	1
6494	0	1
6497	0	1
6497	2	1
649	10	1
6501	0	2
6502	0	3
6502	1	1
6504	0	22
6504	1	7
6504	10	1
6504	2	6
6504	3	2
6504	4	1
6504	6	2
6510	10	1
6511	0	4
6511	10	1
6511	7	1
6511	8	1
6513	0	4
6513	1	1
6513	2	2
6513	3	1
6513	5	1
6513	6	1
6515	0	12
6515	10	4
6515	2	3
6518	2	1
651	10	2
6524	0	2
6524	1	1
6528	0	1
6528	1	1
6529	3	1
6530	0	1
6530	7	1
6531	0	1
6531	10	1
6532	0	2
6533	0	6
6533	10	1
6533	3	1
6535	0	2
6535	10	1
6535	3	1
6536	0	1
6537	0	1
6537	5	1
6539	0	2
6539	1	2
6539	10	1
653	0	1
6540	0	1
6542	0	3
6546	1	1
6546	3	1
6546	4	1
6549	0	6
6549	1	1
654	0	1
6553	3	1
6553	5	1
6555	0	1
6566	0	3
6567	1	1
6568	0	5
6568	10	1
6568	2	1
656	0	3
656	1	2
6570	0	4
6572	0	1
6573	0	2
6574	0	1
6575	0	6
6575	10	1
6575	4	2
6575	5	1
6577	0	2
6578	0	2
6581	0	1
6582	0	26
6582	1	7
6582	3	1
6583	4	1
6591	0	1
6594	1	1
6594	4	1
6594	8	1
6594	9	1
6595	0	1
6595	1	1
6597	0	4
6597	1	1
6603	0	2
6604	0	3
6604	1	1
6607	0	1
6607	5	1
6609	10	1
6611	0	3
6611	1	1
6612	0	2
6614	0	10
6614	10	1
6614	3	1
6615	1	2
6619	0	3
6619	2	1
6620	0	2
6622	0	1
6627	1	1
6630	0	1
6631	0	4
6631	10	1
6631	2	1
6631	3	1
6631	4	1
6631	5	1
6637	10	1
6639	4	2
6644	0	1
6646	0	3
6647	0	1
6649	0	1
664	0	2
664	1	1
664	10	1
6650	0	29
6650	1	11
6650	10	3
6650	2	1
6650	3	2
6650	4	4
6650	5	1
6650	6	1
6650	9	2
6651	0	1
6652	0	1
6658	0	1
6658	4	1
665	0	2
665	10	1
6662	0	1
6664	0	1
6664	1	1
6666	1	1
6669	0	3
6669	10	2
6669	9	1
6670	0	1
6671	0	1
6672	5	1
6676	0	2
6679	0	1
6680	1	2
6681	10	2
6683	0	158
6683	1	21
6683	10	7
6683	3	5
6683	4	2
6683	6	1
6693	0	1
6693	3	1
6694	0	4
6695	3	1
6695	7	1
6701	0	1
6709	1	1
670	0	6
670	1	2
670	10	1
6710	0	1
6710	2	1
6713	0	5
6713	1	1
6717	0	1
671	0	1
6721	0	3
6723	3	1
6724	4	1
6725	0	1
672	0	3
672	1	1
672	2	1
672	4	1
6735	0	37
6735	1	6
6735	10	1
6735	2	1
6738	0	2
6738	5	1
6739	0	1
673	0	2
6740	0	1
6746	0	3
6746	1	1
6747	0	1
6749	0	1
6749	2	1
6749	3	1
674	0	4
674	2	2
674	9	1
6755	3	1
6756	0	1
6759	0	1
675	0	2
6760	0	1
6760	2	1
6760	3	1
6761	0	2
6761	2	1
6761	4	1
6762	0	1
6762	2	1
6762	5	1
6764	0	6
6767	0	3
6768	0	1
6773	0	1
6775	0	6
6775	10	1
6775	3	1
6779	8	1
6781	10	1
6787	1	1
6788	0	2
6792	3	1
6794	0	1
6794	3	1
6796	0	1
6796	3	1
6797	0	1
6799	0	1
6802	0	1
6802	1	1
6803	0	5
6803	1	3
6803	2	1
6803	6	1
6805	0	2
6805	5	1
6809	1	1
680	0	4
6810	0	3
6816	0	5
6817	0	1
6817	10	1
6817	5	1
6825	0	6
6825	1	1
6825	3	1
6826	0	1
6826	8	1
6827	1	1
6827	5	1
6828	0	2
6832	0	2
6832	1	1
6835	0	4
6835	4	1
683	0	2
683	8	1
6842	1	1
6843	0	1
6843	2	1
6846	0	1
6847	0	1
6847	9	1
6848	0	1
6852	0	2
6852	6	1
6853	0	1
6853	1	1
6853	9	1
6856	7	1
6858	0	3
6858	1	2
685	0	5
6862	0	1
6863	0	1
6863	5	1
6864	0	1
6867	0	1
6868	0	1
6876	0	1
6877	4	1
6879	10	1
6879	2	1
687	0	1
6880	0	1
6885	0	43
6885	1	7
6885	10	18
6885	2	10
6885	3	5
6885	4	7
6885	5	2
6885	6	7
6885	7	2
6885	8	3
6885	9	2
6889	9	1
6892	0	1
6894	0	1
6895	0	1
6896	1	1
6898	0	1
6900	10	1
6901	0	384
6901	1	72
6901	10	10
6901	2	15
6901	3	9
6901	4	4
6901	5	2
6901	6	3
6901	7	1
6901	8	2
6905	0	7
6905	1	1
6905	6	2
6905	8	1
6905	9	1
6907	0	2
6907	10	1
6907	2	1
6907	3	1
6907	8	1
6909	0	1
6913	0	1
6915	0	3
6917	0	1
6920	0	1
6923	0	1
6924	10	1
6926	0	1
6926	1	1
6926	10	2
6926	2	1
6926	3	2
6933	0	1
6934	0	2
6935	0	1
6935	4	1
6936	3	1
6942	1	1
6944	1	1
6946	0	2
6946	6	1
6952	0	1
6953	0	1
6955	0	3
6955	1	2
6955	2	1
6958	0	2
6961	0	1
6963	0	13
6963	1	2
6963	2	1
6967	0	1
6971	0	1
6972	0	2
6974	7	1
6978	0	1
697	1	1
6981	0	1
6982	0	1
6982	9	1
6983	0	1
6984	0	1
6984	7	1
6987	0	3
6987	2	1
6987	3	1
6988	0	1
6989	0	2
698	0	3
698	1	1
698	10	1
698	4	1
6993	0	10
6993	1	1
6997	0	9
6997	1	2
6997	10	1
6998	2	1
6998	3	1
699	4	1
699	9	1
69	0	2
7001	0	2
7002	1	1
7003	0	2
7005	0	1
7007	0	5
7007	1	1
7008	0	2
7011	0	53
7011	1	7
7011	10	1
7011	2	3
7013	0	1
7015	0	1
7016	0	5
7016	3	1
7016	8	1
7018	1	1
7018	4	1
7018	9	1
7019	0	16
7019	1	3
7019	2	2
7019	5	1
701	0	1
7023	0	3
7029	0	5
7029	1	1
7029	10	1
7029	2	1
7031	10	1
7034	0	2
7036	0	1
7037	0	1
7042	0	1
7043	0	6
7045	0	3
7047	0	2
7048	0	1
7052	1	1
7054	0	1
7060	0	1
7061	0	1
7064	10	1
7068	5	1
7070	0	1
7072	2	1
7078	0	3
7078	3	1
707	1	1
7083	0	1
7084	0	1
7086	0	2
7087	0	1
7092	8	1
7094	0	1
7094	10	2
7094	4	1
7098	1	1
7101	1	1
7103	1	1
7103	7	1
7111	1	1
7113	0	27
7113	1	6
7113	10	2
7113	2	7
7113	3	5
7113	4	5
7113	6	4
7113	7	1
7113	8	3
7114	3	1
7114	7	1
7119	2	2
711	0	1
7121	0	1
7126	0	1
7132	3	1
7135	0	1
7136	0	9
7137	0	1
7143	1	1
7147	0	1
7148	0	1
7148	10	1
714	2	1
7151	1	1
7154	0	1
715	0	1
7161	0	2
7163	0	1
7164	0	1
7169	0	3
716	0	1
7170	0	5
7170	1	1
7170	10	1
7171	0	1
7171	2	1
7173	0	1
7173	1	1
7174	0	1
7175	10	1
7176	0	1
7177	0	2
7181	0	1
7181	2	1
7181	4	1
7182	0	1
7183	3	1
7186	0	1
7186	2	1
7187	0	1
718	0	1
7191	0	1
7194	1	1
7195	0	1
7195	1	1
7196	0	2
7203	2	1
7206	0	8
7206	1	2
7206	3	1
7212	0	5
7213	0	15
7213	1	3
7213	2	1
7213	7	1
7214	3	1
7216	0	1
7221	0	79
7221	1	12
7221	10	8
7221	2	1
7221	3	3
7221	4	3
7221	5	2
7221	6	4
7221	7	2
7221	8	1
7221	9	1
7223	1	2
7229	0	5
7229	1	1
7231	0	2
7231	1	1
7232	0	1
7233	0	2
7233	1	3
7233	10	1
7234	0	3
7234	1	1
7234	5	1
7237	0	2
7237	3	1
723	0	1
723	1	2
7240	0	1
7241	0	1
7242	0	3
7243	0	23
7243	1	5
7243	10	2
7243	2	2
7243	3	5
7243	5	2
7243	7	2
7244	0	1
7245	0	6
724	0	6
724	3	1
7250	1	1
7251	1	1
7260	1	2
7261	0	1
7265	3	1
7266	1	1
7268	2	1
7269	0	1
7274	0	1
7275	2	1
7278	0	1
7278	5	1
7279	0	4
7279	10	1
7279	2	1
7279	5	1
7286	0	1
7286	1	1
7286	10	1
7286	2	1
7290	5	2
7293	0	1
7293	1	1
7293	7	1
7294	0	1
7297	0	3
7297	2	1
7298	0	1
729	0	1
729	10	1
729	7	1
7301	10	1
7302	0	4
7302	4	1
7303	0	1
7303	2	1
7304	0	1
7305	0	1
7307	0	12
7307	1	1
7311	0	1
7312	0	1
7314	0	5
7314	1	2
7315	0	2
7317	0	1
7318	0	18
7318	1	6
7318	3	2
7318	6	2
7319	0	2
731	1	1
7322	0	1
7324	0	2
7332	1	1
7334	0	1
7334	4	1
7334	8	1
7337	1	1
7338	3	1
7339	0	2
733	2	1
7340	0	1
7346	0	1
7346	10	1
7347	0	3
7347	10	1
7347	4	1
7349	10	1
734	0	1
734	10	1
734	6	1
7353	0	1
7354	0	21
7354	1	3
7354	2	1
7361	0	1
7364	1	1
7365	0	1
7368	0	1
7368	1	1
7369	0	1
736	10	1
7373	0	6
7373	1	2
7373	2	1
7373	6	1
7374	0	8
7374	1	2
7374	2	2
7374	3	3
7374	4	3
7378	1	1
7379	0	1
7381	0	2
7383	0	2
7384	0	1
7386	0	1
7386	10	1
7388	5	1
7392	0	1
7397	0	5
739	0	1
73	0	1
7400	10	1
7402	0	2
7403	0	3
7407	2	2
7411	1	1
7414	0	6
7414	1	1
7414	4	1
7415	0	2
7418	0	20
7418	10	1
7418	2	1
741	0	7
741	1	1
741	10	1
7421	0	3
7422	0	39
7422	1	24
7422	10	61
7422	2	26
7422	3	19
7422	4	11
7422	5	16
7422	6	7
7422	7	7
7422	8	4
7422	9	2
7424	0	1
7426	3	1
7427	0	2
7427	1	1
7428	0	15
7428	1	2
7428	4	1
742	0	8
742	1	1
742	2	1
7432	3	1
7435	0	1
7438	0	4
7438	4	1
7439	1	1
7439	4	1
743	0	2
7441	0	1
7441	10	1
7441	3	1
7443	1	1
7445	0	3
7445	3	1
7448	0	1
744	0	1
7451	4	1
7452	0	6
7460	0	3
7465	0	1
7465	1	1
7465	10	1
7468	0	1
7471	1	1
7474	0	1
7476	0	2
7476	1	1
7476	5	1
747	0	1
7483	0	128
7483	1	8
7483	10	1
7483	2	6
7483	3	2
7483	4	2
7483	5	1
7483	6	1
7483	7	1
7487	0	6
7487	10	1
7489	2	1
748	0	1
748	1	2
7490	0	6
7490	1	2
7490	10	1
7490	2	1
7490	8	1
7491	0	1
7495	0	1
7495	3	1
7495	6	1
7499	0	2
74	0	3
7500	5	1
7501	0	1
7503	0	2
7503	1	1
7506	10	1
7515	0	2
7516	1	1
751	1	1
7521	0	1
7522	0	1
7524	0	4
7527	0	1
7527	10	1
7528	6	1
752	0	1
7530	0	1
7532	0	1
7534	2	1
7537	4	1
7537	5	1
7539	4	1
7546	0	1
7549	0	1
7550	1	1
7550	2	1
7553	5	1
7555	0	309
7555	1	81
7555	10	28
7555	2	60
7555	3	39
7555	4	26
7555	5	12
7555	6	9
7555	7	4
7555	8	2
7555	9	3
7557	1	1
755	1	1
755	5	1
7560	0	1
7560	1	1
7562	0	2
7564	1	1
756	0	1
7571	0	1
7571	1	1
7571	10	1
7573	0	2
7573	10	1
7575	0	1
7578	0	2
7579	2	1
7580	0	6
7587	0	2
7588	0	2
7592	0	7
7592	10	1
7592	2	2
7597	0	1
7598	0	2
7598	1	1
75	0	8
75	1	1
75	10	1
75	4	1
7600	0	21
7600	1	3
7600	10	2
7600	5	2
7600	9	1
7601	0	9
7602	0	3
7602	2	1
7602	7	1
7604	0	1
7604	3	1
7605	0	42
7605	1	5
7605	10	2
7605	2	4
7605	3	4
7605	4	2
7609	0	1
760	0	1221
760	1	229
760	10	7
760	2	38
760	3	20
760	4	5
760	5	1
760	6	2
760	7	2
760	8	1
760	9	1
7611	0	2
7612	0	6
7612	10	1
7612	2	1
7612	3	1
7612	5	1
7612	9	1
7613	0	1
7616	0	2
7617	1	1
7618	0	1
7619	4	1
7625	0	2
7628	0	1
7629	0	3
7632	0	1
7634	4	1
7644	0	1
7644	1	1
7644	9	1
7646	0	2
7646	2	1
7646	4	1
7648	0	2
7648	1	1
764	1	1
764	4	1
7652	0	1
7653	0	1
7656	0	2
7657	10	1
7657	7	1
765	0	1
7662	0	1
7663	0	1
7666	0	8
7667	0	1
7667	8	1
7672	0	1
7673	0	18
7673	1	2
7678	0	1
7678	10	1
7679	0	50
7679	1	11
7679	2	4
7688	0	1
768	0	1
7691	0	1
7698	1	1
76	0	1
7706	0	10
7706	1	2
7706	10	1
7706	2	1
7706	6	1
7708	0	1
770	0	1
7711	0	11
7711	1	4
7711	10	1
7712	0	2
7714	2	1
7716	3	1
7717	0	107
7717	1	27
7717	10	17
7717	2	11
7717	3	12
7717	4	6
7717	5	1
7717	6	2
7717	7	1
7717	9	2
7718	0	2
7719	0	2
7721	1	1
7722	0	1
7724	0	4
7724	1	3
7724	10	1
772	0	6
7731	0	1
7733	0	1
7734	0	1
7741	0	1
7742	0	1
7746	10	1
7748	2	1
7748	4	1
7754	0	2
7754	8	1
7758	1	3
775	0	22
775	1	6
775	2	2
7762	10	1
7766	0	2
7767	1	1
776	8	1
7771	0	1
7771	6	1
7771	9	1
7773	0	2
777	0	1
777	1	2
777	5	1
777	7	1
777	8	1
7782	0	2
7785	0	2
7785	3	1
7785	7	1
7788	4	1
7789	0	1
778	0	1
7790	0	1
7792	0	1
7793	10	1
7795	0	1
7799	0	2
779	0	3
779	1	1
779	10	1
779	2	1
779	3	1
77	0	1
7801	0	3
7805	0	2
7805	7	1
7805	8	1
7806	0	1
7810	0	1
7811	0	1
7821	0	1
7823	0	1
7823	4	1
7827	0	1
7829	1	1
782	0	1
7830	0	1
7830	8	1
7832	5	1
7832	9	1
7838	0	31
7838	1	11
7838	10	2
7838	2	5
7838	3	4
7838	4	1
7838	5	2
7838	6	1
7838	7	2
7840	7	1
7841	0	1
7843	0	1
7849	0	3
7850	0	1
7858	0	1
7868	0	1
7871	0	1
7871	1	1
7871	3	1
7871	6	1
7872	0	5
7878	4	1
787	3	1
7882	10	1
7882	2	1
7884	0	72
7884	1	10
7884	10	7
7884	2	5
7884	3	3
7884	4	1
7884	6	1
7884	7	1
7884	9	2
7885	4	1
7888	0	2
7888	10	1
7889	0	3
788	0	1
7891	10	1
7893	0	1
7893	1	1
7895	0	1
7902	0	5
7902	1	1
7903	0	138
7903	1	6
7903	10	3
7903	2	3
7903	3	3
7903	4	1
7903	5	2
7904	0	1
7905	0	1
7907	0	2
7907	10	1
7907	3	1
7908	1	1
7909	0	5
7909	1	1
7910	0	128
7910	1	17
7910	10	2
7910	2	6
7910	3	4
7910	4	1
7910	7	1
7913	0	46
7913	1	5
7913	3	1
7914	0	1
7915	0	1
7916	0	1
7916	4	1
7917	0	4
7917	10	1
7917	2	1
7917	4	1
7917	7	1
7919	1	1
7921	0	34
7921	1	7
7921	10	1
7921	2	1
7922	0	1
7922	1	1
7922	9	1
7925	0	3
7926	0	1
7926	2	1
7927	0	5
7927	1	1
7929	0	1
7929	4	1
792	0	2
792	2	1
7932	0	1
7934	0	1
7935	0	1
7935	10	1
7939	0	3
7944	0	1
7950	0	1
7953	0	2
7953	1	1
7958	3	1
7958	4	1
7959	0	2
7959	10	1
7960	0	2
7963	10	1
7963	2	1
7964	10	1
7964	5	1
796	0	5
796	1	1
7972	0	1
7974	0	143
7974	1	21
7974	10	4
7974	2	6
7974	3	3
7974	4	1
7974	7	1
7974	9	1
7977	0	1
7979	1	1
797	0	194
797	1	22
797	10	2
797	2	7
797	3	1
797	5	1
797	6	1
797	9	1
7981	0	1
7982	0	1
7988	0	1
7989	0	1
7989	4	1
798	0	4
7997	0	3
7998	0	1
7998	3	1
7999	0	2
799	2	1
8000	10	1
8005	2	1
800	4	1
8010	1	1
8011	0	2
8012	0	3
8012	1	1
8013	0	2
8013	1	1
8014	0	1
801	0	1
8020	0	3
8020	3	1
8020	9	1
8022	0	20
8022	10	1
8022	2	1
8024	0	1
8025	0	1
8027	0	1
8028	0	1
8030	7	1
8031	0	2
8032	0	9
8032	1	2
8032	3	1
8032	4	1
8033	0	3
8036	0	2
8037	0	42
8037	1	9
8037	10	5
8037	2	3
8037	3	3
8037	4	1
8037	5	3
8037	6	3
8037	7	2
8037	8	2
803	0	3
803	1	1
803	3	1
803	4	1
8040	0	1
8040	6	1
8041	0	2
8046	0	1
8050	0	1
8050	10	1
8055	0	3
8055	10	1
8057	0	3
8058	0	6
8058	1	2
8058	4	1
805	0	1
8060	0	1
8064	0	1
8066	10	1
8066	5	1
8068	0	1
8069	0	4
806	0	12
806	1	1
8070	0	1
8075	10	1
8076	0	3
8077	0	5
8077	1	3
8078	10	2
8078	8	1
807	3	1
8088	0	1
8092	0	1
8093	0	2
8095	0	2
8096	0	1
8097	10	1
8097	7	1
8098	0	2
8098	10	1
8099	10	1
809	0	2
809	7	1
8108	0	2
8108	10	1
8108	2	1
8109	0	1
8110	0	1
8110	1	1
8111	0	1
8112	0	1
8112	4	1
8113	0	1
8117	1	1
8117	6	1
8119	0	1
8119	3	1
8121	1	1
8122	1	1
8124	0	1
8125	5	1
8126	0	4
812	0	1
8130	0	1
8131	0	1
8131	1	2
8135	4	1
8139	9	1
8142	0	1
8143	0	2
8144	0	8
8144	10	1
8144	2	1
8144	3	1
8146	1	1
8149	1	1
8149	2	1
814	0	1
8161	10	1
8162	1	1
8162	6	1
8164	10	1
8167	10	2
8169	10	1
8170	3	1
8172	1	1
8175	0	1
8177	3	1
8179	0	1
8181	0	150
8181	1	19
8181	10	3
8181	2	8
8181	3	1
8181	4	1
8181	5	1
8181	9	1
8184	0	2
8186	0	1
8188	0	4
8188	1	1
8190	0	1
8195	0	1
8197	0	1
819	10	2
8201	0	1
8204	0	1
8204	3	1
8211	0	3
8211	1	2
8211	2	1
8211	6	1
8212	0	3
8216	0	2
8217	0	1
8218	1	1
8219	0	1
8223	0	2
8225	0	1
8226	0	2
8226	1	2
8228	10	1
822	0	3
822	1	1
822	2	1
822	3	1
822	7	1
8230	0	1
8232	2	1
8234	0	2
8236	0	6
8236	1	2
8236	10	1
8236	2	1
8236	3	2
8239	0	1
8239	1	1
823	0	1
8244	0	2
8244	1	1
8244	10	1
8245	10	1
8246	0	4
8251	0	1
8251	2	1
8252	0	1
8254	0	2
8254	1	1
8254	4	1
8258	0	1
8259	3	1
825	7	1
8261	0	1
8265	0	1
8265	3	1
8267	0	2
8267	1	1
8269	0	1
8269	1	1
8269	10	1
8269	2	1
8269	8	1
8274	0	1
8277	0	1
8278	0	4
8278	2	1
8279	0	1
827	0	1
8282	1	1
8286	0	3
8286	10	1
8286	4	1
8290	2	1
8291	0	1
8292	0	11
8292	10	1
8299	0	1
82	0	1
8302	1	1
8304	10	1
8304	2	1
8304	5	1
8305	0	20
8305	1	8
8305	10	1
8305	2	2
8305	3	4
8305	5	3
8309	3	1
8309	9	1
8310	0	8
8313	0	1
8314	0	5
8314	1	1
8316	0	4
8316	1	1
8321	0	2
8321	10	1
8330	0	7
8332	0	1
8334	0	1
8336	10	1
8337	0	1
8339	0	2
833	0	2
8341	0	1
8341	2	1
8342	2	1
8347	1	1
8349	0	3
8349	10	1
8349	2	1
834	0	1
8351	0	1
8353	0	2
8354	0	2
8354	10	1
8355	0	2
8357	0	2
8357	6	1
8364	0	1
8366	0	1
8366	9	1
836	0	1
8375	0	1
8375	1	1
8377	3	1
8380	0	1
8384	0	1
8384	10	1
8386	0	21
8386	1	9
8386	10	7
8386	2	3
8386	3	5
8386	4	1
8386	5	1
8386	6	3
8386	7	1
8386	8	1
8389	0	1
8389	3	1
8390	0	84
8390	1	17
8390	10	3
8390	2	2
8390	3	2
8390	4	1
8390	7	1
8391	0	1
8394	0	3
8396	0	3
8402	2	1
8402	5	1
8402	7	1
8405	0	3
8405	4	1
8406	0	1
840	0	2
8410	0	1
8415	10	1
8419	0	1
841	0	1
8421	0	4
8421	6	1
8422	0	5
8422	1	3
8422	2	2
8422	5	1
8422	6	1
8423	0	1
8424	0	1
8424	3	1
8425	0	3
8431	7	1
8433	0	14
8433	2	1
8433	3	2
8438	0	8
8438	1	1
8438	3	1
8438	8	1
8439	0	1
8441	0	6
8441	1	2
8441	10	1
8441	4	2
8448	0	1
844	0	2
8451	3	1
8452	1	2
8456	0	2
8461	10	1
8462	3	1
8463	0	3
8465	6	1
8466	4	1
8468	1	1
8473	2	1
8473	3	1
8475	0	1
8475	10	1
8476	0	5
8476	1	3
8476	10	1
8476	2	1
8476	6	1
8479	1	1
8486	0	2
8487	0	1
8489	3	1
848	0	1
8490	0	1
8493	0	1
8496	0	4
8496	5	1
8497	0	1
84	0	1
8500	0	2
8500	3	1
8502	0	1
8504	7	1
8506	10	1
8506	4	1
8506	7	1
8508	0	2
850	1	1
8510	0	4
8510	1	1
8514	4	1
8515	3	1
8518	1	1
8519	0	1
8520	0	4
8523	0	1
8523	10	1
8527	0	4
8533	0	2
8536	0	7
8536	1	2
853	0	1
8545	3	1
8545	6	1
8545	8	1
8546	0	3
8546	3	1
8547	10	1
854	4	1
8557	0	1
8559	0	1
8560	0	2
8561	0	1
8563	0	2
8566	0	1
8570	0	1
8571	5	1
8573	0	1
8573	3	1
8575	0	1
8575	2	1
8579	2	1
857	10	1
8580	0	21
8580	1	8
8580	10	1
8580	2	4
8580	3	3
8580	5	1
8580	8	1
8585	0	1
8586	0	1
8586	10	1
8588	0	1
8589	0	1
8594	0	2
8597	1	1
859	0	1
859	1	2
85	0	1
85	5	1
8605	0	2
8606	0	1
8607	1	1
8608	0	1
8608	10	2
8608	2	1
860	0	2
860	4	1
8610	0	1
8613	0	1
8614	0	44
8614	1	12
8614	10	3
8614	2	7
8614	3	4
8616	0	2
8616	1	1
8616	4	1
8619	0	5
861	0	1
861	10	1
8620	0	1
8623	2	1
8630	1	1
8632	1	1
8634	0	1
8636	0	1
8638	0	3
8638	1	1
8640	0	1
8641	0	3
8643	0	1
8651	0	1
8651	10	1
8651	5	1
8653	0	14
8653	1	4
8653	10	1
8653	3	1
8653	7	1
8654	0	3
8654	10	1
8655	0	1
8656	0	2
8658	0	1
8660	0	10
8660	1	1
8661	0	1
8661	3	1
8662	0	7
8662	10	1
8662	2	1
8664	4	1
8666	0	4
8666	10	1
866	0	1
8671	0	1
8672	1	1
8673	1	1
8673	5	1
8674	0	1
8676	0	2
8676	1	1
8676	3	1
8678	0	16
8678	1	3
8678	3	1
8680	10	1
8680	2	1
8684	0	1
8688	0	3
8693	0	1
8697	1	1
8699	0	3
8699	1	1
869	0	2
86	0	2
86	1	1
8700	2	1
8703	0	2
8704	0	1
8704	1	1
8706	0	3
8708	10	1
8710	0	3
8710	1	2
8711	0	5
8711	1	1
8711	3	1
8712	0	2
8712	1	4
8713	0	1
8716	0	1
8716	1	1
8716	2	1
8716	6	1
8721	0	3
8721	1	2
8722	0	2
8728	0	3
8728	1	1
8728	10	1
8730	0	1
8731	0	1
8733	0	1
8734	0	3
8734	3	1
8736	0	3
8736	2	1
8736	4	1
8736	8	1
8739	0	1
8745	10	1
8745	8	1
8746	0	1
8746	10	1
874	0	2
874	1	1
8752	0	1
8753	0	1
8753	10	1
8760	0	1
8763	0	1
8769	0	1
876	0	1
876	4	1
8771	0	5
8772	10	1
8773	0	4
8773	10	1
8773	6	1
8773	8	1
8775	0	132
8775	1	39
8775	10	2
8775	2	14
8775	3	4
8775	4	3
8775	5	1
8775	7	1
8775	8	1
8778	0	1
877	0	2
8786	0	1
8786	10	1
8786	8	1
8789	1	1
8793	0	1
8795	0	1
8796	5	1
8800	0	10
8800	1	1
8800	10	1
8800	3	1
8807	10	1
8808	0	2
8808	1	1
8809	1	1
8809	10	1
880	0	1
8812	0	13
8812	1	2
8812	2	1
8812	3	1
8812	4	2
8822	10	1
8822	2	1
8824	0	2
8825	0	1
8827	8	1
8828	0	1
8830	0	1
8831	2	2
8831	7	1
8833	0	1
8836	0	1
8836	1	1
8839	0	3
8839	1	1
883	2	1
883	8	1
8840	0	2
8840	10	1
8843	10	2
8843	2	1
8844	0	3
8844	1	2
8844	10	1
8844	4	1
8844	6	1
8850	1	1
8850	10	1
8850	2	1
889	0	5
889	1	1
88	10	1
88	3	1
890	1	1
891	0	1
892	0	7
892	6	1
898	1	1
901	0	1
902	2	1
904	0	11
904	1	1
904	2	3
913	0	6
913	1	1
913	2	2
913	6	1
915	0	1
915	10	1
924	0	16
924	1	1
924	2	3
924	4	2
924	5	1
926	0	1
926	1	1
92	0	1
931	0	5
931	5	1
934	0	1
936	0	1
938	0	1
939	0	3
939	10	1
941	0	1
943	3	1
943	7	1
945	0	2
94	0	1
951	0	1
952	10	1
952	6	1
958	0	3
958	1	1
958	10	1
958	8	1
963	2	1
966	0	2
969	0	1
96	0	6
96	3	1
970	0	39
970	1	2
970	10	1
970	2	3
970	4	1
970	5	1
973	0	1
974	1	1
974	10	1
974	3	1
974	7	1
978	0	2
979	1	1
982	0	1
984	0	18
984	1	3
984	10	1
984	2	2
984	3	4
984	4	1
984	5	2
984	9	1
986	10	1
988	0	1
989	0	1
994	0	1
994	1	1
994	10	2
995	0	2
996	0	9
996	1	1
996	2	2
996	3	1
996	4	1
997	0	1
998	0	1
